<?xml version="1.0" encoding="UTF-8"?>
<testsuite name="com.sparta.week02.Week02ApplicationTests" tests="1" skipped="0" failures="0" errors="0" timestamp="2021-07-21T11:41:20" hostname="DESKTOP-OND5KVF" time="0.366">
  <properties/>
  <testcase name="contextLoads()" classname="com.sparta.week02.Week02ApplicationTests" time="0.366"/>
  <system-out><![CDATA[20:41:14.989 [Test worker] DEBUG org.springframework.test.context.BootstrapUtils - Instantiating CacheAwareContextLoaderDelegate from class [org.springframework.test.context.cache.DefaultCacheAwareContextLoaderDelegate]
20:41:15.005 [Test worker] DEBUG org.springframework.test.context.BootstrapUtils - Instantiating BootstrapContext using constructor [public org.springframework.test.context.support.DefaultBootstrapContext(java.lang.Class,org.springframework.test.context.CacheAwareContextLoaderDelegate)]
20:41:15.052 [Test worker] DEBUG org.springframework.test.context.BootstrapUtils - Instantiating TestContextBootstrapper for test class [com.sparta.week02.Week02ApplicationTests] from class [org.springframework.boot.test.context.SpringBootTestContextBootstrapper]
20:41:15.067 [Test worker] INFO org.springframework.boot.test.context.SpringBootTestContextBootstrapper - Neither @ContextConfiguration nor @ContextHierarchy found for test class [com.sparta.week02.Week02ApplicationTests], using SpringBootContextLoader
20:41:15.067 [Test worker] DEBUG org.springframework.test.context.support.AbstractContextLoader - Did not detect default resource location for test class [com.sparta.week02.Week02ApplicationTests]: class path resource [com/sparta/week02/Week02ApplicationTests-context.xml] does not exist
20:41:15.067 [Test worker] DEBUG org.springframework.test.context.support.AbstractContextLoader - Did not detect default resource location for test class [com.sparta.week02.Week02ApplicationTests]: class path resource [com/sparta/week02/Week02ApplicationTestsContext.groovy] does not exist
20:41:15.067 [Test worker] INFO org.springframework.test.context.support.AbstractContextLoader - Could not detect default resource locations for test class [com.sparta.week02.Week02ApplicationTests]: no resource found for suffixes {-context.xml, Context.groovy}.
20:41:15.067 [Test worker] INFO org.springframework.test.context.support.AnnotationConfigContextLoaderUtils - Could not detect default configuration classes for test class [com.sparta.week02.Week02ApplicationTests]: Week02ApplicationTests does not declare any static, non-private, non-final, nested classes annotated with @Configuration.
20:41:15.130 [Test worker] DEBUG org.springframework.test.context.support.ActiveProfilesUtils - Could not find an 'annotation declaring class' for annotation type [org.springframework.test.context.ActiveProfiles] and class [com.sparta.week02.Week02ApplicationTests]
20:41:15.208 [Test worker] DEBUG org.springframework.context.annotation.ClassPathScanningCandidateComponentProvider - Identified candidate component class: file [C:\Users\yejin\Desktop\Study\2021\Sparta\Spring\week02\build\classes\java\main\com\sparta\week02\Week02Application.class]
20:41:15.208 [Test worker] INFO org.springframework.boot.test.context.SpringBootTestContextBootstrapper - Found @SpringBootConfiguration com.sparta.week02.Week02Application for test class com.sparta.week02.Week02ApplicationTests
20:41:15.364 [Test worker] DEBUG org.springframework.boot.test.context.SpringBootTestContextBootstrapper - @TestExecutionListeners is not present for class [com.sparta.week02.Week02ApplicationTests]: using defaults.
20:41:15.364 [Test worker] INFO org.springframework.boot.test.context.SpringBootTestContextBootstrapper - Loaded default TestExecutionListener class names from location [META-INF/spring.factories]: [org.springframework.boot.test.autoconfigure.restdocs.RestDocsTestExecutionListener, org.springframework.boot.test.autoconfigure.web.client.MockRestServiceServerResetTestExecutionListener, org.springframework.boot.test.autoconfigure.web.servlet.MockMvcPrintOnlyOnFailureTestExecutionListener, org.springframework.boot.test.autoconfigure.web.servlet.WebDriverTestExecutionListener, org.springframework.boot.test.autoconfigure.webservices.client.MockWebServiceServerTestExecutionListener, org.springframework.boot.test.mock.mockito.MockitoTestExecutionListener, org.springframework.boot.test.mock.mockito.ResetMocksTestExecutionListener, org.springframework.test.context.web.ServletTestExecutionListener, org.springframework.test.context.support.DirtiesContextBeforeModesTestExecutionListener, org.springframework.test.context.event.ApplicationEventsTestExecutionListener, org.springframework.test.context.support.DependencyInjectionTestExecutionListener, org.springframework.test.context.support.DirtiesContextTestExecutionListener, org.springframework.test.context.transaction.TransactionalTestExecutionListener, org.springframework.test.context.jdbc.SqlScriptsTestExecutionListener, org.springframework.test.context.event.EventPublishingTestExecutionListener]
20:41:15.395 [Test worker] INFO org.springframework.boot.test.context.SpringBootTestContextBootstrapper - Using TestExecutionListeners: [org.springframework.test.context.web.ServletTestExecutionListener@65af711d, org.springframework.test.context.support.DirtiesContextBeforeModesTestExecutionListener@7e2672d4, org.springframework.test.context.event.ApplicationEventsTestExecutionListener@54681155, org.springframework.boot.test.mock.mockito.MockitoTestExecutionListener@46374040, org.springframework.boot.test.autoconfigure.SpringBootDependencyInjectionTestExecutionListener@580ee602, org.springframework.test.context.support.DirtiesContextTestExecutionListener@15f39f05, org.springframework.test.context.transaction.TransactionalTestExecutionListener@185d657, org.springframework.test.context.jdbc.SqlScriptsTestExecutionListener@7dcca367, org.springframework.test.context.event.EventPublishingTestExecutionListener@525d642a, org.springframework.boot.test.autoconfigure.restdocs.RestDocsTestExecutionListener@5b5fc2d3, org.springframework.boot.test.autoconfigure.web.client.MockRestServiceServerResetTestExecutionListener@74478081, org.springframework.boot.test.autoconfigure.web.servlet.MockMvcPrintOnlyOnFailureTestExecutionListener@6c88d2f5, org.springframework.boot.test.autoconfigure.web.servlet.WebDriverTestExecutionListener@55cd877a, org.springframework.boot.test.autoconfigure.webservices.client.MockWebServiceServerTestExecutionListener@70a18e4a, org.springframework.boot.test.mock.mockito.ResetMocksTestExecutionListener@382a5b57]
20:41:15.411 [Test worker] DEBUG org.springframework.test.context.support.AbstractDirtiesContextTestExecutionListener - Before test class: context [DefaultTestContext@26f54e67 testClass = Week02ApplicationTests, testInstance = [null], testMethod = [null], testException = [null], mergedContextConfiguration = [WebMergedContextConfiguration@71717aa5 testClass = Week02ApplicationTests, locations = '{}', classes = '{class com.sparta.week02.Week02Application}', contextInitializerClasses = '[]', activeProfiles = '{}', propertySourceLocations = '{}', propertySourceProperties = '{org.springframework.boot.test.context.SpringBootTestContextBootstrapper=true}', contextCustomizers = set[org.springframework.boot.test.autoconfigure.actuate.metrics.MetricsExportContextCustomizerFactory$DisableMetricExportContextCustomizer@5a863f59, org.springframework.boot.test.autoconfigure.properties.PropertyMappingContextCustomizer@0, org.springframework.boot.test.autoconfigure.web.servlet.WebDriverContextCustomizerFactory$Customizer@52f6721d, org.springframework.boot.test.context.filter.ExcludeFilterContextCustomizer@1b01e3e7, org.springframework.boot.test.json.DuplicateJsonObjectContextCustomizerFactory$DuplicateJsonObjectContextCustomizer@76e07d4c, org.springframework.boot.test.mock.mockito.MockitoContextCustomizer@0, org.springframework.boot.test.web.client.TestRestTemplateContextCustomizer@4de0268, org.springframework.boot.test.context.SpringBootTestArgs@1, org.springframework.boot.test.context.SpringBootTestWebEnvironment@2136403e], resourceBasePath = 'src/main/webapp', contextLoader = 'org.springframework.boot.test.context.SpringBootContextLoader', parent = [null]], attributes = map['org.springframework.test.context.web.ServletTestExecutionListener.activateListener' -> true]], class annotated with @DirtiesContext [false] with mode [null].
20:41:15.458 [Test worker] DEBUG org.springframework.test.context.support.TestPropertySourceUtils - Adding inlined properties to environment: {spring.jmx.enabled=false, org.springframework.boot.test.context.SpringBootTestContextBootstrapper=true}

  .   ____          _            __ _ _
 /\\ / ___'_ __ _ _(_)_ __  __ _ \ \ \ \
( ( )\___ | '_ | '_| | '_ \/ _` | \ \ \ \
 \\/  ___)| |_)| | | | | || (_| |  ) ) ) )
  '  |____| .__|_| |_|_| |_\__, | / / / /
 =========|_|==============|___/=/_/_/_/
 :: Spring Boot ::                (v2.5.2)

2021-07-21 20:41:15.838  INFO 4880 --- [    Test worker] c.sparta.week02.Week02ApplicationTests   : Starting Week02ApplicationTests using Java 11.0.11 on DESKTOP-OND5KVF with PID 4880 (started by yejin in C:\Users\yejin\Desktop\Study\2021\Sparta\Spring\week02)
2021-07-21 20:41:15.838  INFO 4880 --- [    Test worker] c.sparta.week02.Week02ApplicationTests   : No active profile set, falling back to default profiles: default
2021-07-21 20:41:16.859  INFO 4880 --- [    Test worker] .s.d.r.c.RepositoryConfigurationDelegate : Bootstrapping Spring Data JPA repositories in DEFAULT mode.
2021-07-21 20:41:16.890  INFO 4880 --- [    Test worker] .s.d.r.c.RepositoryConfigurationDelegate : Finished Spring Data repository scanning in 12 ms. Found 0 JPA repository interfaces.
2021-07-21 20:41:17.641  INFO 4880 --- [    Test worker] com.zaxxer.hikari.HikariDataSource       : HikariPool-1 - Starting...
2021-07-21 20:41:17.922  INFO 4880 --- [    Test worker] com.zaxxer.hikari.HikariDataSource       : HikariPool-1 - Start completed.
2021-07-21 20:41:18.016  INFO 4880 --- [    Test worker] o.hibernate.jpa.internal.util.LogHelper  : HHH000204: Processing PersistenceUnitInfo [name: default]
2021-07-21 20:41:18.094  INFO 4880 --- [    Test worker] org.hibernate.Version                    : HHH000412: Hibernate ORM core version 5.4.32.Final
2021-07-21 20:41:18.333  INFO 4880 --- [    Test worker] o.hibernate.annotations.common.Version   : HCANN000001: Hibernate Commons Annotations {5.1.2.Final}
2021-07-21 20:41:18.573  INFO 4880 --- [    Test worker] org.hibernate.dialect.Dialect            : HHH000400: Using dialect: org.hibernate.dialect.H2Dialect
2021-07-21 20:41:18.981  INFO 4880 --- [    Test worker] o.h.e.t.j.p.i.JtaPlatformInitiator       : HHH000490: Using JtaPlatform implementation: [org.hibernate.engine.transaction.jta.platform.internal.NoJtaPlatform]
2021-07-21 20:41:19.012  INFO 4880 --- [    Test worker] j.LocalContainerEntityManagerFactoryBean : Initialized JPA EntityManagerFactory for persistence unit 'default'
2021-07-21 20:41:19.328  WARN 4880 --- [    Test worker] JpaBaseConfiguration$JpaWebConfiguration : spring.jpa.open-in-view is enabled by default. Therefore, database queries may be performed during view rendering. Explicitly configure spring.jpa.open-in-view to disable this warning
2021-07-21 20:41:19.749  INFO 4880 --- [    Test worker] o.s.b.a.h2.H2ConsoleAutoConfiguration    : H2 console available at '/h2-console'. Database available at 'jdbc:h2:mem:testdb'
2021-07-21 20:41:20.234  INFO 4880 --- [    Test worker] c.sparta.week02.Week02ApplicationTests   : Started Week02ApplicationTests in 4.775 seconds (JVM running for 6.496)
]]></system-out>
  <system-err><![CDATA[]]></system-err>
</testsuite>
